{
  "stats": {
    "suites": 1,
    "tests": 1,
    "passes": 1,
    "pending": 0,
    "failures": 0,
    "start": "2026-04-23T17:56:09.127Z",
    "end": "2026-04-23T17:56:10.031Z",
    "duration": 904,
    "testsRegistered": 1,
    "passPercent": 100,
    "pendingPercent": 0,
    "other": 0,
    "hasOther": false,
    "skipped": 0,
    "hasSkipped": false
  },
  "results": [
    {
      "uuid": "2443ce7a-5b71-483b-9c06-0797a12afecc",
      "title": "",
      "fullFile": "cypress\\e2e\\auth\\login-env.cy.js",
      "file": "cypress\\e2e\\auth\\login-env.cy.js",
      "beforeHooks": [],
      "afterHooks": [],
      "tests": [],
      "suites": [
        {
          "uuid": "558eba4e-9615-4bd7-a193-8a2d68ebdedd",
          "title": "Login with Environment Variables",
          "fullFile": "",
          "file": "",
          "beforeHooks": [],
          "afterHooks": [],
          "tests": [
            {
              "title": "logs in using env vars",
              "fullTitle": "Login with Environment Variables logs in using env vars",
              "timedOut": null,
              "duration": 873,
              "state": "passed",
              "speed": "fast",
              "pass": true,
              "fail": false,
              "pending": false,
              "context": null,
              "code": "cy.visit('/login');\ncy.get('#email').type(Cypress.env('testEmail'));\ncy.get('#password').type(Cypress.env('testPassword'));\ncy.get('button[type=\"submit\"]').click();\ncy.url().should('include', '/dashboard');",
              "err": {},
              "uuid": "f08c1874-21be-4740-b13e-d92c8595c350",
              "parentUUID": "558eba4e-9615-4bd7-a193-8a2d68ebdedd",
              "isHook": false,
              "skipped": false
            }
          ],
          "suites": [],
          "passes": [
            "f08c1874-21be-4740-b13e-d92c8595c350"
          ],
          "failures": [],
          "pending": [],
          "skipped": [],
          "duration": 873,
          "root": false,
          "rootEmpty": false,
          "_timeout": 2000
        }
      ],
      "passes": [],
      "failures": [],
      "pending": [],
      "skipped": [],
      "duration": 0,
      "root": true,
      "rootEmpty": true,
      "_timeout": 2000
    }
  ],
  "meta": {
    "mocha": {
      "version": "7.2.0"
    },
    "mochawesome": {
      "options": {
        "quiet": false,
        "reportFilename": "mochawesome",
        "saveHtml": false,
        "saveJson": true,
        "consoleReporter": "spec",
        "useInlineDiffs": false,
        "code": true
      },
      "version": "7.1.3"
    },
    "marge": {
      "options": {
        "reportDir": "cypress/reports",
        "overwrite": false,
        "html": false,
        "json": true
      },
      "version": "6.2.0"
    }
  }
}