{
  "stats": {
    "suites": 1,
    "tests": 1,
    "passes": 1,
    "pending": 0,
    "failures": 0,
    "start": "2026-04-23T17:56:12.907Z",
    "end": "2026-04-23T17:56:14.276Z",
    "duration": 1369,
    "testsRegistered": 1,
    "passPercent": 100,
    "pendingPercent": 0,
    "other": 0,
    "hasOther": false,
    "skipped": 0,
    "hasSkipped": false
  },
  "results": [
    {
      "uuid": "5d044e2e-7d45-439f-a469-1ba81fa81c05",
      "title": "",
      "fullFile": "cypress\\e2e\\auth\\login.cy.js",
      "file": "cypress\\e2e\\auth\\login.cy.js",
      "beforeHooks": [],
      "afterHooks": [],
      "tests": [],
      "suites": [
        {
          "uuid": "07cb43b1-59f9-4bf1-8940-934a329e7bc5",
          "title": "Login Flow",
          "fullFile": "",
          "file": "",
          "beforeHooks": [],
          "afterHooks": [],
          "tests": [
            {
              "title": "logs in using custom command",
              "fullTitle": "Login Flow logs in using custom command",
              "timedOut": null,
              "duration": 1341,
              "state": "passed",
              "speed": "fast",
              "pass": true,
              "fail": false,
              "pending": false,
              "context": null,
              "code": "cy.fixture('user').then(user => {\n  cy.login(user.email, user.password);\n  cy.url().should('include', '/dashboard');\n  cy.get('body').invoke('text').should('match', /welcome|dashboard/i);\n});",
              "err": {},
              "uuid": "27bfac88-7c40-45f8-81ea-7d18035b4853",
              "parentUUID": "07cb43b1-59f9-4bf1-8940-934a329e7bc5",
              "isHook": false,
              "skipped": false
            }
          ],
          "suites": [],
          "passes": [
            "27bfac88-7c40-45f8-81ea-7d18035b4853"
          ],
          "failures": [],
          "pending": [],
          "skipped": [],
          "duration": 1341,
          "root": false,
          "rootEmpty": false,
          "_timeout": 2000
        }
      ],
      "passes": [],
      "failures": [],
      "pending": [],
      "skipped": [],
      "duration": 0,
      "root": true,
      "rootEmpty": true,
      "_timeout": 2000
    }
  ],
  "meta": {
    "mocha": {
      "version": "7.2.0"
    },
    "mochawesome": {
      "options": {
        "quiet": false,
        "reportFilename": "mochawesome",
        "saveHtml": false,
        "saveJson": true,
        "consoleReporter": "spec",
        "useInlineDiffs": false,
        "code": true
      },
      "version": "7.1.3"
    },
    "marge": {
      "options": {
        "reportDir": "cypress/reports",
        "overwrite": false,
        "html": false,
        "json": true
      },
      "version": "6.2.0"
    }
  }
}