{
  "stats": {
    "suites": 1,
    "tests": 2,
    "passes": 2,
    "pending": 0,
    "failures": 0,
    "start": "2026-04-23T17:56:15.240Z",
    "end": "2026-04-23T17:56:16.756Z",
    "duration": 1516,
    "testsRegistered": 2,
    "passPercent": 100,
    "pendingPercent": 0,
    "other": 0,
    "hasOther": false,
    "skipped": 0,
    "hasSkipped": false
  },
  "results": [
    {
      "uuid": "d8395f07-fadf-45ed-bf4d-b3a4d7eada2e",
      "title": "",
      "fullFile": "cypress\\e2e\\auth\\session-login.cy.js",
      "file": "cypress\\e2e\\auth\\session-login.cy.js",
      "beforeHooks": [],
      "afterHooks": [],
      "tests": [],
      "suites": [
        {
          "uuid": "719f65c5-7174-45a2-b819-4a4042e91b16",
          "title": "Login with cy.session()",
          "fullFile": "",
          "file": "",
          "beforeHooks": [],
          "afterHooks": [],
          "tests": [
            {
              "title": "accesses the dashboard with session cache",
              "fullTitle": "Login with cy.session() accesses the dashboard with session cache",
              "timedOut": null,
              "duration": 1416,
              "state": "passed",
              "speed": "fast",
              "pass": true,
              "fail": false,
              "pending": false,
              "context": null,
              "code": "// Cypress restores the session automatically here\ncy.visit('/dashboard');\ncy.contains('Product Dashboard');",
              "err": {},
              "uuid": "9665a0a1-0118-49d4-b7f0-084cf39a4900",
              "parentUUID": "719f65c5-7174-45a2-b819-4a4042e91b16",
              "isHook": false,
              "skipped": false
            },
            {
              "title": "navigates to Add Product page using session",
              "fullTitle": "Login with cy.session() navigates to Add Product page using session",
              "timedOut": null,
              "duration": 71,
              "state": "passed",
              "speed": "fast",
              "pass": true,
              "fail": false,
              "pending": false,
              "context": null,
              "code": "cy.visit('/add-product');\ncy.contains('Add New Product');",
              "err": {},
              "uuid": "48e2b40f-f71b-424b-a360-7422f0294a06",
              "parentUUID": "719f65c5-7174-45a2-b819-4a4042e91b16",
              "isHook": false,
              "skipped": false
            }
          ],
          "suites": [],
          "passes": [
            "9665a0a1-0118-49d4-b7f0-084cf39a4900",
            "48e2b40f-f71b-424b-a360-7422f0294a06"
          ],
          "failures": [],
          "pending": [],
          "skipped": [],
          "duration": 1487,
          "root": false,
          "rootEmpty": false,
          "_timeout": 2000
        }
      ],
      "passes": [],
      "failures": [],
      "pending": [],
      "skipped": [],
      "duration": 0,
      "root": true,
      "rootEmpty": true,
      "_timeout": 2000
    }
  ],
  "meta": {
    "mocha": {
      "version": "7.2.0"
    },
    "mochawesome": {
      "options": {
        "quiet": false,
        "reportFilename": "mochawesome",
        "saveHtml": false,
        "saveJson": true,
        "consoleReporter": "spec",
        "useInlineDiffs": false,
        "code": true
      },
      "version": "7.1.3"
    },
    "marge": {
      "options": {
        "reportDir": "cypress/reports",
        "overwrite": false,
        "html": false,
        "json": true
      },
      "version": "6.2.0"
    }
  }
}