{
  "stats": {
    "suites": 1,
    "tests": 1,
    "passes": 1,
    "pending": 0,
    "failures": 0,
    "start": "2026-04-23T18:05:08.642Z",
    "end": "2026-04-23T18:05:09.553Z",
    "duration": 911,
    "testsRegistered": 1,
    "passPercent": 100,
    "pendingPercent": 0,
    "other": 0,
    "hasOther": false,
    "skipped": 0,
    "hasSkipped": false
  },
  "results": [
    {
      "uuid": "ba98e282-9409-4c8c-85b3-120adf0da4c1",
      "title": "",
      "fullFile": "cypress\\e2e\\auth\\login-env.cy.js",
      "file": "cypress\\e2e\\auth\\login-env.cy.js",
      "beforeHooks": [],
      "afterHooks": [],
      "tests": [],
      "suites": [
        {
          "uuid": "62e4695f-1fad-4e33-940d-6d8a930d49a4",
          "title": "Login with Environment Variables",
          "fullFile": "",
          "file": "",
          "beforeHooks": [],
          "afterHooks": [],
          "tests": [
            {
              "title": "logs in using env vars",
              "fullTitle": "Login with Environment Variables logs in using env vars",
              "timedOut": null,
              "duration": 882,
              "state": "passed",
              "speed": "fast",
              "pass": true,
              "fail": false,
              "pending": false,
              "context": null,
              "code": "cy.visit('/login');\ncy.get('#email').type(Cypress.env('testEmail'));\ncy.get('#password').type(Cypress.env('testPassword'));\ncy.get('button[type=\"submit\"]').click();\ncy.url().should('include', '/dashboard');",
              "err": {},
              "uuid": "339e44ee-6c01-45c8-8676-164087ffe887",
              "parentUUID": "62e4695f-1fad-4e33-940d-6d8a930d49a4",
              "isHook": false,
              "skipped": false
            }
          ],
          "suites": [],
          "passes": [
            "339e44ee-6c01-45c8-8676-164087ffe887"
          ],
          "failures": [],
          "pending": [],
          "skipped": [],
          "duration": 882,
          "root": false,
          "rootEmpty": false,
          "_timeout": 2000
        }
      ],
      "passes": [],
      "failures": [],
      "pending": [],
      "skipped": [],
      "duration": 0,
      "root": true,
      "rootEmpty": true,
      "_timeout": 2000
    }
  ],
  "meta": {
    "mocha": {
      "version": "7.2.0"
    },
    "mochawesome": {
      "options": {
        "quiet": false,
        "reportFilename": "mochawesome",
        "saveHtml": false,
        "saveJson": true,
        "consoleReporter": "spec",
        "useInlineDiffs": false,
        "code": true
      },
      "version": "7.1.4"
    },
    "marge": {
      "options": {
        "reportDir": "cypress/reports",
        "overwrite": false,
        "html": false,
        "json": true
      },
      "version": "6.3.2"
    }
  }
}