{
  "stats": {
    "suites": 1,
    "tests": 2,
    "passes": 2,
    "pending": 0,
    "failures": 0,
    "start": "2025-06-22T23:42:29.308Z",
    "end": "2025-06-22T23:42:30.827Z",
    "duration": 1519,
    "testsRegistered": 2,
    "passPercent": 100,
    "pendingPercent": 0,
    "other": 0,
    "hasOther": false,
    "skipped": 0,
    "hasSkipped": false
  },
  "results": [
    {
      "uuid": "1a58aac7-0f2c-4fc8-bb4e-4c49c4128a89",
      "title": "",
      "fullFile": "cypress/e2e/auth/session-login.cy.js",
      "file": "cypress/e2e/auth/session-login.cy.js",
      "beforeHooks": [],
      "afterHooks": [],
      "tests": [],
      "suites": [
        {
          "uuid": "827c7883-0c2b-4a36-a705-bc24110c43b9",
          "title": "Login with cy.session()",
          "fullFile": "",
          "file": "",
          "beforeHooks": [],
          "afterHooks": [],
          "tests": [
            {
              "title": "accesses the dashboard with session cache",
              "fullTitle": "Login with cy.session() accesses the dashboard with session cache",
              "timedOut": null,
              "duration": 1430,
              "state": "passed",
              "speed": "fast",
              "pass": true,
              "fail": false,
              "pending": false,
              "context": null,
              "code": "// Cypress restores the session automatically here\ncy.visit('/dashboard');\ncy.contains('Product Dashboard');",
              "err": {},
              "uuid": "99d0074b-765c-4843-af87-f127046d8783",
              "parentUUID": "827c7883-0c2b-4a36-a705-bc24110c43b9",
              "isHook": false,
              "skipped": false
            },
            {
              "title": "navigates to Add Product page using session",
              "fullTitle": "Login with cy.session() navigates to Add Product page using session",
              "timedOut": null,
              "duration": 60,
              "state": "passed",
              "speed": "fast",
              "pass": true,
              "fail": false,
              "pending": false,
              "context": null,
              "code": "cy.visit('/add-product');\ncy.contains('Add New Product');",
              "err": {},
              "uuid": "ca85f3d9-627b-440b-8210-7acacda4b2af",
              "parentUUID": "827c7883-0c2b-4a36-a705-bc24110c43b9",
              "isHook": false,
              "skipped": false
            }
          ],
          "suites": [],
          "passes": [
            "99d0074b-765c-4843-af87-f127046d8783",
            "ca85f3d9-627b-440b-8210-7acacda4b2af"
          ],
          "failures": [],
          "pending": [],
          "skipped": [],
          "duration": 1490,
          "root": false,
          "rootEmpty": false,
          "_timeout": 2000
        }
      ],
      "passes": [],
      "failures": [],
      "pending": [],
      "skipped": [],
      "duration": 0,
      "root": true,
      "rootEmpty": true,
      "_timeout": 2000
    }
  ],
  "meta": {
    "mocha": {
      "version": "7.2.0"
    },
    "mochawesome": {
      "options": {
        "quiet": false,
        "reportFilename": "mochawesome",
        "saveHtml": false,
        "saveJson": true,
        "consoleReporter": "spec",
        "useInlineDiffs": false,
        "code": true
      },
      "version": "7.1.3"
    },
    "marge": {
      "options": {
        "reportDir": "cypress/reports",
        "overwrite": false,
        "html": false,
        "json": true
      },
      "version": "6.2.0"
    }
  }
}