{
  "stats": {
    "suites": 1,
    "tests": 1,
    "passes": 1,
    "pending": 0,
    "failures": 0,
    "start": "2025-06-22T23:42:26.069Z",
    "end": "2025-06-22T23:42:26.946Z",
    "duration": 877,
    "testsRegistered": 1,
    "passPercent": 100,
    "pendingPercent": 0,
    "other": 0,
    "hasOther": false,
    "skipped": 0,
    "hasSkipped": false
  },
  "results": [
    {
      "uuid": "427f4590-fb8e-4965-9efc-bcf56ffbf949",
      "title": "",
      "fullFile": "cypress/e2e/auth/login-fixture.cy.js",
      "file": "cypress/e2e/auth/login-fixture.cy.js",
      "beforeHooks": [],
      "afterHooks": [],
      "tests": [],
      "suites": [
        {
          "uuid": "ac04428c-ef2c-446f-b995-dda5a90c8644",
          "title": "Login Flow with Fixture",
          "fullFile": "",
          "file": "",
          "beforeHooks": [],
          "afterHooks": [],
          "tests": [
            {
              "title": "logs in using fixture data",
              "fullTitle": "Login Flow with Fixture logs in using fixture data",
              "timedOut": null,
              "duration": 854,
              "state": "passed",
              "speed": "fast",
              "pass": true,
              "fail": false,
              "pending": false,
              "context": null,
              "code": "cy.fixture('user').then(user => {\n  cy.visit('/login');\n  cy.get('#email').type(user.email);\n  cy.get('#password').type(user.password);\n  cy.get('button[type=\"submit\"]').click();\n  cy.url().should('include', '/dashboard');\n});",
              "err": {},
              "uuid": "aa8473a7-1179-4e22-8fdc-4a7613b068dc",
              "parentUUID": "ac04428c-ef2c-446f-b995-dda5a90c8644",
              "isHook": false,
              "skipped": false
            }
          ],
          "suites": [],
          "passes": [
            "aa8473a7-1179-4e22-8fdc-4a7613b068dc"
          ],
          "failures": [],
          "pending": [],
          "skipped": [],
          "duration": 854,
          "root": false,
          "rootEmpty": false,
          "_timeout": 2000
        }
      ],
      "passes": [],
      "failures": [],
      "pending": [],
      "skipped": [],
      "duration": 0,
      "root": true,
      "rootEmpty": true,
      "_timeout": 2000
    }
  ],
  "meta": {
    "mocha": {
      "version": "7.2.0"
    },
    "mochawesome": {
      "options": {
        "quiet": false,
        "reportFilename": "mochawesome",
        "saveHtml": false,
        "saveJson": true,
        "consoleReporter": "spec",
        "useInlineDiffs": false,
        "code": true
      },
      "version": "7.1.3"
    },
    "marge": {
      "options": {
        "reportDir": "cypress/reports",
        "overwrite": false,
        "html": false,
        "json": true
      },
      "version": "6.2.0"
    }
  }
}