{
  "stats": {
    "suites": 1,
    "tests": 1,
    "passes": 1,
    "pending": 0,
    "failures": 0,
    "start": "2025-06-22T23:42:24.493Z",
    "end": "2025-06-22T23:42:25.372Z",
    "duration": 879,
    "testsRegistered": 1,
    "passPercent": 100,
    "pendingPercent": 0,
    "other": 0,
    "hasOther": false,
    "skipped": 0,
    "hasSkipped": false
  },
  "results": [
    {
      "uuid": "21ce0a36-3a7b-4fce-8be7-f45aa728c4c6",
      "title": "",
      "fullFile": "cypress/e2e/auth/login-env.cy.js",
      "file": "cypress/e2e/auth/login-env.cy.js",
      "beforeHooks": [],
      "afterHooks": [],
      "tests": [],
      "suites": [
        {
          "uuid": "1e08eb0f-2b4f-49c7-b174-ed0d45ff0a1e",
          "title": "Login with Environment Variables",
          "fullFile": "",
          "file": "",
          "beforeHooks": [],
          "afterHooks": [],
          "tests": [
            {
              "title": "logs in using env vars",
              "fullTitle": "Login with Environment Variables logs in using env vars",
              "timedOut": null,
              "duration": 846,
              "state": "passed",
              "speed": "fast",
              "pass": true,
              "fail": false,
              "pending": false,
              "context": null,
              "code": "cy.visit('/login');\ncy.get('#email').type(Cypress.env('testEmail'));\ncy.get('#password').type(Cypress.env('testPassword'));\ncy.get('button[type=\"submit\"]').click();\ncy.url().should('include', '/dashboard');",
              "err": {},
              "uuid": "a271eaf2-2daa-4920-bfc9-33f6c32c919e",
              "parentUUID": "1e08eb0f-2b4f-49c7-b174-ed0d45ff0a1e",
              "isHook": false,
              "skipped": false
            }
          ],
          "suites": [],
          "passes": [
            "a271eaf2-2daa-4920-bfc9-33f6c32c919e"
          ],
          "failures": [],
          "pending": [],
          "skipped": [],
          "duration": 846,
          "root": false,
          "rootEmpty": false,
          "_timeout": 2000
        }
      ],
      "passes": [],
      "failures": [],
      "pending": [],
      "skipped": [],
      "duration": 0,
      "root": true,
      "rootEmpty": true,
      "_timeout": 2000
    }
  ],
  "meta": {
    "mocha": {
      "version": "7.2.0"
    },
    "mochawesome": {
      "options": {
        "quiet": false,
        "reportFilename": "mochawesome",
        "saveHtml": false,
        "saveJson": true,
        "consoleReporter": "spec",
        "useInlineDiffs": false,
        "code": true
      },
      "version": "7.1.3"
    },
    "marge": {
      "options": {
        "reportDir": "cypress/reports",
        "overwrite": false,
        "html": false,
        "json": true
      },
      "version": "6.2.0"
    }
  }
}