{
  "stats": {
    "suites": 1,
    "tests": 1,
    "passes": 1,
    "pending": 0,
    "failures": 0,
    "start": "2026-04-23T17:56:17.737Z",
    "end": "2026-04-23T17:56:19.217Z",
    "duration": 1480,
    "testsRegistered": 1,
    "passPercent": 100,
    "pendingPercent": 0,
    "other": 0,
    "hasOther": false,
    "skipped": 0,
    "hasSkipped": false
  },
  "results": [
    {
      "uuid": "1bea31fe-af59-4f87-8507-1a977e7a455a",
      "title": "",
      "fullFile": "cypress\\e2e\\dashboard\\dashboard-flaky.cy.js",
      "file": "cypress\\e2e\\dashboard\\dashboard-flaky.cy.js",
      "beforeHooks": [],
      "afterHooks": [],
      "tests": [],
      "suites": [
        {
          "uuid": "45efa11c-8739-49f6-89c5-7a2b9566cf61",
          "title": "Flaky Dashboard Test",
          "fullFile": "",
          "file": "",
          "beforeHooks": [],
          "afterHooks": [],
          "tests": [
            {
              "title": "waits correctly for product data to load",
              "fullTitle": "Flaky Dashboard Test waits correctly for product data to load",
              "timedOut": null,
              "duration": 1449,
              "state": "passed",
              "speed": "fast",
              "pass": true,
              "fail": false,
              "pending": false,
              "context": null,
              "code": "cy.intercept('GET', '/api/products', req => {\n  // artificially delay the API response by 2 seconds\n  req.on('response', res => {\n    return new Promise(resolve => setTimeout(resolve, 2000));\n  });\n}).as('getProductsSlow');\ncy.visit('/dashboard');\n// Wait for the container and then assert\ncy.get('.products-list').should('contain', 'Notebook');",
              "err": {},
              "uuid": "a935f4da-23f5-4ff0-8b07-b1205617311d",
              "parentUUID": "45efa11c-8739-49f6-89c5-7a2b9566cf61",
              "isHook": false,
              "skipped": false
            }
          ],
          "suites": [],
          "passes": [
            "a935f4da-23f5-4ff0-8b07-b1205617311d"
          ],
          "failures": [],
          "pending": [],
          "skipped": [],
          "duration": 1449,
          "root": false,
          "rootEmpty": false,
          "_timeout": 2000
        }
      ],
      "passes": [],
      "failures": [],
      "pending": [],
      "skipped": [],
      "duration": 0,
      "root": true,
      "rootEmpty": true,
      "_timeout": 2000
    }
  ],
  "meta": {
    "mocha": {
      "version": "7.2.0"
    },
    "mochawesome": {
      "options": {
        "quiet": false,
        "reportFilename": "mochawesome",
        "saveHtml": false,
        "saveJson": true,
        "consoleReporter": "spec",
        "useInlineDiffs": false,
        "code": true
      },
      "version": "7.1.3"
    },
    "marge": {
      "options": {
        "reportDir": "cypress/reports",
        "overwrite": false,
        "html": false,
        "json": true
      },
      "version": "6.2.0"
    }
  }
}