{
  "stats": {
    "suites": 1,
    "tests": 2,
    "passes": 2,
    "pending": 0,
    "failures": 0,
    "start": "2026-04-23T17:58:20.534Z",
    "end": "2026-04-23T17:58:22.054Z",
    "duration": 1520,
    "testsRegistered": 2,
    "passPercent": 100,
    "pendingPercent": 0,
    "other": 0,
    "hasOther": false,
    "skipped": 0,
    "hasSkipped": false
  },
  "results": [
    {
      "uuid": "96ab03df-4cf7-4318-9df9-1eb7ce53cc9d",
      "title": "",
      "fullFile": "cypress\\e2e\\auth\\session-login.cy.js",
      "file": "cypress\\e2e\\auth\\session-login.cy.js",
      "beforeHooks": [],
      "afterHooks": [],
      "tests": [],
      "suites": [
        {
          "uuid": "8cd8c4ed-dcd0-4d3b-aca2-8f8255dc1eb4",
          "title": "Login with cy.session()",
          "fullFile": "",
          "file": "",
          "beforeHooks": [],
          "afterHooks": [],
          "tests": [
            {
              "title": "accesses the dashboard with session cache",
              "fullTitle": "Login with cy.session() accesses the dashboard with session cache",
              "timedOut": null,
              "duration": 1416,
              "state": "passed",
              "speed": "fast",
              "pass": true,
              "fail": false,
              "pending": false,
              "context": null,
              "code": "// Cypress restores the session automatically here\ncy.visit('/dashboard');\ncy.contains('Product Dashboard');",
              "err": {},
              "uuid": "6684929b-1a5a-4cb4-a023-eb338964f646",
              "parentUUID": "8cd8c4ed-dcd0-4d3b-aca2-8f8255dc1eb4",
              "isHook": false,
              "skipped": false
            },
            {
              "title": "navigates to Add Product page using session",
              "fullTitle": "Login with cy.session() navigates to Add Product page using session",
              "timedOut": null,
              "duration": 74,
              "state": "passed",
              "speed": "fast",
              "pass": true,
              "fail": false,
              "pending": false,
              "context": null,
              "code": "cy.visit('/add-product');\ncy.contains('Add New Product');",
              "err": {},
              "uuid": "3748462a-913d-4cdd-8bb0-8e57a0a32732",
              "parentUUID": "8cd8c4ed-dcd0-4d3b-aca2-8f8255dc1eb4",
              "isHook": false,
              "skipped": false
            }
          ],
          "suites": [],
          "passes": [
            "6684929b-1a5a-4cb4-a023-eb338964f646",
            "3748462a-913d-4cdd-8bb0-8e57a0a32732"
          ],
          "failures": [],
          "pending": [],
          "skipped": [],
          "duration": 1490,
          "root": false,
          "rootEmpty": false,
          "_timeout": 2000
        }
      ],
      "passes": [],
      "failures": [],
      "pending": [],
      "skipped": [],
      "duration": 0,
      "root": true,
      "rootEmpty": true,
      "_timeout": 2000
    }
  ],
  "meta": {
    "mocha": {
      "version": "7.2.0"
    },
    "mochawesome": {
      "options": {
        "quiet": false,
        "reportFilename": "mochawesome",
        "saveHtml": false,
        "saveJson": true,
        "consoleReporter": "spec",
        "useInlineDiffs": false,
        "code": true
      },
      "version": "7.1.3"
    },
    "marge": {
      "options": {
        "reportDir": "cypress/reports",
        "overwrite": false,
        "html": false,
        "json": true
      },
      "version": "6.2.0"
    }
  }
}