{
  "stats": {
    "suites": 1,
    "tests": 2,
    "passes": 2,
    "pending": 0,
    "failures": 0,
    "start": "2026-04-23T18:05:14.758Z",
    "end": "2026-04-23T18:05:16.280Z",
    "duration": 1522,
    "testsRegistered": 2,
    "passPercent": 100,
    "pendingPercent": 0,
    "other": 0,
    "hasOther": false,
    "skipped": 0,
    "hasSkipped": false
  },
  "results": [
    {
      "uuid": "1cecf021-b24d-41a5-b0d0-7c409ad4e342",
      "title": "",
      "fullFile": "cypress\\e2e\\auth\\session-login.cy.js",
      "file": "cypress\\e2e\\auth\\session-login.cy.js",
      "beforeHooks": [],
      "afterHooks": [],
      "tests": [],
      "suites": [
        {
          "uuid": "5d9c60d7-2510-45f7-a5d8-f7d8d33471f8",
          "title": "Login with cy.session()",
          "fullFile": "",
          "file": "",
          "beforeHooks": [],
          "afterHooks": [],
          "tests": [
            {
              "title": "accesses the dashboard with session cache",
              "fullTitle": "Login with cy.session() accesses the dashboard with session cache",
              "timedOut": null,
              "duration": 1418,
              "state": "passed",
              "speed": "fast",
              "pass": true,
              "fail": false,
              "pending": false,
              "context": null,
              "code": "// Cypress restores the session automatically here\ncy.visit('/dashboard');\ncy.contains('Product Dashboard');",
              "err": {},
              "uuid": "4a569071-38f2-4e9b-87a1-7da032869211",
              "parentUUID": "5d9c60d7-2510-45f7-a5d8-f7d8d33471f8",
              "isHook": false,
              "skipped": false
            },
            {
              "title": "navigates to Add Product page using session",
              "fullTitle": "Login with cy.session() navigates to Add Product page using session",
              "timedOut": null,
              "duration": 75,
              "state": "passed",
              "speed": "fast",
              "pass": true,
              "fail": false,
              "pending": false,
              "context": null,
              "code": "cy.visit('/add-product');\ncy.contains('Add New Product');",
              "err": {},
              "uuid": "a30f8cef-c01f-41cd-8f89-aa4e7c7e23fe",
              "parentUUID": "5d9c60d7-2510-45f7-a5d8-f7d8d33471f8",
              "isHook": false,
              "skipped": false
            }
          ],
          "suites": [],
          "passes": [
            "4a569071-38f2-4e9b-87a1-7da032869211",
            "a30f8cef-c01f-41cd-8f89-aa4e7c7e23fe"
          ],
          "failures": [],
          "pending": [],
          "skipped": [],
          "duration": 1493,
          "root": false,
          "rootEmpty": false,
          "_timeout": 2000
        }
      ],
      "passes": [],
      "failures": [],
      "pending": [],
      "skipped": [],
      "duration": 0,
      "root": true,
      "rootEmpty": true,
      "_timeout": 2000
    }
  ],
  "meta": {
    "mocha": {
      "version": "7.2.0"
    },
    "mochawesome": {
      "options": {
        "quiet": false,
        "reportFilename": "mochawesome",
        "saveHtml": false,
        "saveJson": true,
        "consoleReporter": "spec",
        "useInlineDiffs": false,
        "code": true
      },
      "version": "7.1.4"
    },
    "marge": {
      "options": {
        "reportDir": "cypress/reports",
        "overwrite": false,
        "html": false,
        "json": true
      },
      "version": "6.3.2"
    }
  }
}