{
  "stats": {
    "suites": 1,
    "tests": 1,
    "passes": 1,
    "pending": 0,
    "failures": 0,
    "start": "2026-04-23T18:05:17.249Z",
    "end": "2026-04-23T18:05:18.722Z",
    "duration": 1473,
    "testsRegistered": 1,
    "passPercent": 100,
    "pendingPercent": 0,
    "other": 0,
    "hasOther": false,
    "skipped": 0,
    "hasSkipped": false
  },
  "results": [
    {
      "uuid": "0069f626-a74b-4119-98be-962b1a7a7e32",
      "title": "",
      "fullFile": "cypress\\e2e\\dashboard\\dashboard-flaky.cy.js",
      "file": "cypress\\e2e\\dashboard\\dashboard-flaky.cy.js",
      "beforeHooks": [],
      "afterHooks": [],
      "tests": [],
      "suites": [
        {
          "uuid": "4bbbfb2a-8323-485d-bcb6-54206c2c4d84",
          "title": "Flaky Dashboard Test",
          "fullFile": "",
          "file": "",
          "beforeHooks": [],
          "afterHooks": [],
          "tests": [
            {
              "title": "waits correctly for product data to load",
              "fullTitle": "Flaky Dashboard Test waits correctly for product data to load",
              "timedOut": null,
              "duration": 1448,
              "state": "passed",
              "speed": "fast",
              "pass": true,
              "fail": false,
              "pending": false,
              "context": null,
              "code": "cy.intercept('GET', '/api/products', req => {\n  // artificially delay the API response by 2 seconds\n  req.on('response', res => {\n    return new Promise(resolve => setTimeout(resolve, 2000));\n  });\n}).as('getProductsSlow');\ncy.visit('/dashboard');\n// Wait for the container and then assert\ncy.get('.products-list').should('contain', 'Notebook');",
              "err": {},
              "uuid": "9bd63aac-a651-4ee5-92fa-13a084bd8273",
              "parentUUID": "4bbbfb2a-8323-485d-bcb6-54206c2c4d84",
              "isHook": false,
              "skipped": false
            }
          ],
          "suites": [],
          "passes": [
            "9bd63aac-a651-4ee5-92fa-13a084bd8273"
          ],
          "failures": [],
          "pending": [],
          "skipped": [],
          "duration": 1448,
          "root": false,
          "rootEmpty": false,
          "_timeout": 2000
        }
      ],
      "passes": [],
      "failures": [],
      "pending": [],
      "skipped": [],
      "duration": 0,
      "root": true,
      "rootEmpty": true,
      "_timeout": 2000
    }
  ],
  "meta": {
    "mocha": {
      "version": "7.2.0"
    },
    "mochawesome": {
      "options": {
        "quiet": false,
        "reportFilename": "mochawesome",
        "saveHtml": false,
        "saveJson": true,
        "consoleReporter": "spec",
        "useInlineDiffs": false,
        "code": true
      },
      "version": "7.1.4"
    },
    "marge": {
      "options": {
        "reportDir": "cypress/reports",
        "overwrite": false,
        "html": false,
        "json": true
      },
      "version": "6.3.2"
    }
  }
}