{
  "stats": {
    "suites": 1,
    "tests": 1,
    "passes": 1,
    "pending": 0,
    "failures": 0,
    "start": "2026-04-23T18:05:22.107Z",
    "end": "2026-04-23T18:05:24.207Z",
    "duration": 2100,
    "testsRegistered": 1,
    "passPercent": 100,
    "pendingPercent": 0,
    "other": 0,
    "hasOther": false,
    "skipped": 0,
    "hasSkipped": false
  },
  "results": [
    {
      "uuid": "d74ea172-c34d-480d-b79b-d80388b43622",
      "title": "",
      "fullFile": "cypress\\e2e\\dashboard\\product.cy.js",
      "file": "cypress\\e2e\\dashboard\\product.cy.js",
      "beforeHooks": [],
      "afterHooks": [],
      "tests": [],
      "suites": [
        {
          "uuid": "789ea8d9-918f-4f58-9528-77ae53050c80",
          "title": "Product Flow",
          "fullFile": "",
          "file": "",
          "beforeHooks": [],
          "afterHooks": [],
          "tests": [
            {
              "title": "adds a product using custom command",
              "fullTitle": "Product Flow adds a product using custom command",
              "timedOut": null,
              "duration": 2073,
              "state": "passed",
              "speed": "fast",
              "pass": true,
              "fail": false,
              "pending": false,
              "context": null,
              "code": "cy.login();\ncy.addProduct({\n  name: 'Test Widget',\n  price: '$99',\n  category: 'Tools'\n});\ncy.url().should('include', '/dashboard');",
              "err": {},
              "uuid": "3db48588-eca1-463b-ba51-23a047740574",
              "parentUUID": "789ea8d9-918f-4f58-9528-77ae53050c80",
              "isHook": false,
              "skipped": false
            }
          ],
          "suites": [],
          "passes": [
            "3db48588-eca1-463b-ba51-23a047740574"
          ],
          "failures": [],
          "pending": [],
          "skipped": [],
          "duration": 2073,
          "root": false,
          "rootEmpty": false,
          "_timeout": 2000
        }
      ],
      "passes": [],
      "failures": [],
      "pending": [],
      "skipped": [],
      "duration": 0,
      "root": true,
      "rootEmpty": true,
      "_timeout": 2000
    }
  ],
  "meta": {
    "mocha": {
      "version": "7.2.0"
    },
    "mochawesome": {
      "options": {
        "quiet": false,
        "reportFilename": "mochawesome",
        "saveHtml": false,
        "saveJson": true,
        "consoleReporter": "spec",
        "useInlineDiffs": false,
        "code": true
      },
      "version": "7.1.4"
    },
    "marge": {
      "options": {
        "reportDir": "cypress/reports",
        "overwrite": false,
        "html": false,
        "json": true
      },
      "version": "6.3.2"
    }
  }
}